<?xml version="1.0" encoding="utf-8"?><testsuites name="pytest tests"><testsuite name="pytest" errors="0" failures="0" skipped="0" tests="41" time="3.237" timestamp="2026-07-02T11:10:56.115188+00:00" hostname="agent-env-b0591e36-d947-4d52-af14-dcb367c3ea38"><testcase classname="tests.test_realratings.TestChat" name="test_post_requires_auth" time="0.307" /><testcase classname="tests.test_realratings.TestPropertyCRUD" name="test_create_property" time="0.169" /><testcase classname="tests.test_realratings.TestPropertyCRUD" name="test_list_properties_includes_created" time="0.094" /><testcase classname="tests.test_realratings.TestPropertyCRUD" name="test_get_property_by_id" time="0.044" /><testcase classname="tests.test_realratings.TestChat" name="test_user_posts_message" time="0.158" /><testcase classname="tests.test_realratings.TestPropertyCRUD" name="test_update_property_with_review" time="0.049" /><testcase classname="tests.test_realratings.TestPropertyCRUD" name="test_get_after_update_persisted" time="0.039" /><testcase classname="tests.test_realratings.TestPropertyCRUD" name="test_filter_by_location" time="0.132" /><testcase classname="tests.test_realratings.TestChat" name="test_admin_posts_message_flagged" time="0.137" /><testcase classname="tests.test_realratings.TestPropertyCRUD" name="test_filter_by_rental_type" time="0.042" /><testcase classname="tests.test_realratings.TestPropertyCRUD" name="test_locations_aggregation" time="0.084" /><testcase classname="tests.test_realratings.TestChat" name="test_list_messages_sorted" time="0.047" /><testcase classname="tests.test_realratings.TestChat" name="test_incremental_fetch_since" time="0.228" /><testcase classname="tests.test_realratings.TestPropertyCRUD" name="test_validation_missing_fields_422" time="0.044" /><testcase classname="tests.test_realratings.TestPropertyCRUD" name="test_get_nonexistent_404" time="0.084" /><testcase classname="tests.test_realratings.TestAdminGuards" name="test_create_property_forbidden_user" time="0.099" /><testcase classname="tests.test_realratings.TestChat" name="test_admin_can_delete_message" time="0.043" /><testcase classname="tests.test_realratings.TestAdminGuards" name="test_create_property_unauth" time="0.039" /><testcase classname="tests.test_realratings.TestChat" name="test_user_cannot_delete_message" time="0.049" /><testcase classname="tests.test_realratings.TestAdminGuards" name="test_submissions_forbidden_user" time="0.046" /><testcase classname="tests.test_realratings.TestAdminGuards" name="test_contact_list_forbidden_user" time="0.046" /><testcase classname="tests.test_realratings.TestSubmissions" name="test_submit_requires_auth" time="0.045" /><testcase classname="tests.test_realratings.TestSubmissions" name="test_user_can_submit" time="0.046" /><testcase classname="tests.test_realratings.TestAdminGuards" name="test_delete_property_forbidden_user" time="0.045" /><testcase classname="tests.test_realratings.TestAdminGuards" name="test_update_property_forbidden_user" time="0.045" /><testcase classname="tests.test_realratings.TestSubmissions" name="test_pending_not_in_public_list" time="0.044" /><testcase classname="tests.test_realratings.TestSubmissions" name="test_admin_lists_submissions" time="0.045" /><testcase classname="tests.test_realratings.TestContact" name="test_public_can_submit" time="0.041" /><testcase classname="tests.test_realratings.TestContact" name="test_admin_lists_latest_first" time="0.085" /><testcase classname="tests.test_realratings.TestSubmissions" name="test_admin_approves_submission" time="0.092" /><testcase classname="tests.test_realratings.TestContact" name="test_mark_read" time="0.092" /><testcase classname="tests.test_realratings.TestAuth" name="test_me_unauth_401" time="0.087" /><testcase classname="tests.test_realratings.TestContact" name="test_delete_contact" time="0.092" /><testcase classname="tests.test_realratings.TestAuth" name="test_me_admin_bearer" time="0.044" /><testcase classname="tests.test_realratings.TestAuth" name="test_me_user_bearer" time="0.090" /><testcase classname="tests.test_realratings.TestUpload" name="test_upload_requires_auth" time="0.105" /><testcase classname="tests.test_realratings.TestHealth" name="test_root" time="0.046" /><testcase classname="tests.test_realratings.TestHealth" name="test_site_config" time="0.086" /><testcase classname="tests.test_realratings.TestUpload" name="test_upload_rejects_non_image" time="0.095" /><testcase classname="tests.test_realratings.TestAdminPromotionBehavior" name="test_ari_email_with_user_role_is_not_auto_admin" time="0.419" /><testcase classname="tests.test_realratings.TestUpload" name="test_upload_image_and_serve" time="0.877" /></testsuite></testsuites>